16/05/2025 14:03:13	This log contains information about the import schema operation into project 'AdventureWorksDataBase' on computer 'AVAPC-328566223' by user 'd.ferreira.conceicao'.
16/05/2025 14:03:14	Import of database schema has started.
16/05/2025 14:03:26	Gathering database credentials
16/05/2025 14:03:26	Gathering database options
16/05/2025 14:03:26	Gathering generic database scoped configuration option
16/05/2025 14:03:26	Gathering users
16/05/2025 14:03:26	Gathering roles
16/05/2025 14:03:26	Gathering application roles
16/05/2025 14:03:26	Gathering role memberships
16/05/2025 14:03:26	Gathering filegroups
16/05/2025 14:03:26	Gathering full-text catalogs
16/05/2025 14:03:26	Gathering assemblies
16/05/2025 14:03:26	Gathering certificates
16/05/2025 14:03:26	Gathering asymmetric keys
16/05/2025 14:03:26	Gathering symmetric keys
16/05/2025 14:03:26	Gathering encrypted symmetric keys
16/05/2025 14:03:26	Gathering schemas
16/05/2025 14:03:26	Gathering XML schema collections
16/05/2025 14:03:26	Gathering user-defined data types
16/05/2025 14:03:26	Gathering user-defined types
16/05/2025 14:03:26	Gathering table types
16/05/2025 14:03:26	Gathering unique keys for table types
16/05/2025 14:03:26	Gathering primary keys for table types
16/05/2025 14:03:26	Gathering indexes for table types
16/05/2025 14:03:26	Gathering check constraints for table types
16/05/2025 14:03:26	Gathering default constraints for table types
16/05/2025 14:03:26	Gathering partition functions
16/05/2025 14:03:26	Gathering partition schemes
16/05/2025 14:03:26	Gathering functions
16/05/2025 14:03:27	Gathering encrypted functions
16/05/2025 14:03:27	Gathering aggregates
16/05/2025 14:03:27	Gathering procedures
16/05/2025 14:03:27	Gathering encrypted procedures
16/05/2025 14:03:27	Gathering tables
16/05/2025 14:03:27	Gathering primary keys
16/05/2025 14:03:27	Gathering unique constraints
16/05/2025 14:03:27	Gathering foreign keys
16/05/2025 14:03:27	Gathering default constraints
16/05/2025 14:03:27	Gathering check constraints
16/05/2025 14:03:27	Gathering views
16/05/2025 14:03:27	Gathering encrypted views
16/05/2025 14:03:27	Gathering indexes
16/05/2025 14:03:27	Gathering statistics
16/05/2025 14:03:27	Gathering full-text index stoplists
16/05/2025 14:03:27	Gathering search property lists
16/05/2025 14:03:27	Gathering search properties
16/05/2025 14:03:27	Gathering full-text indexes
16/05/2025 14:03:27	Gathering column store indexes
16/05/2025 14:03:27	Gathering spatial indexes
16/05/2025 14:03:27	Gathering XML indexes
16/05/2025 14:03:27	Gathering Selective XML indexes
16/05/2025 14:03:27	Gathering encrypted triggers
16/05/2025 14:03:27	Gathering triggers
16/05/2025 14:03:27	Gathering encrypted and clr ddl triggers
16/05/2025 14:03:27	Gathering ddl triggers
16/05/2025 14:03:27	Creating edge constraints
16/05/2025 14:03:27	Gathering synonyms
16/05/2025 14:03:27	Gathering defaults
16/05/2025 14:03:27	Gathering data constraint uddt bindings
16/05/2025 14:03:27	Gathering rules
16/05/2025 14:03:27	Gathering data constraint uddt bindings
16/05/2025 14:03:27	Gathering message types
16/05/2025 14:03:27	Gathering queues
16/05/2025 14:03:27	Gathering contracts
16/05/2025 14:03:27	Gathering services
16/05/2025 14:03:27	Gathering event notifications
16/05/2025 14:03:27	Gathering remote service bindings
16/05/2025 14:03:27	Gathering broker priorities
16/05/2025 14:03:27	Gathering signatures
16/05/2025 14:03:27	Gathering compression options
16/05/2025 14:03:27	Gathering sequence types
16/05/2025 14:03:27	Gathering security policies
16/05/2025 14:03:27	Gather column encryption keys
16/05/2025 14:03:27	Gathering column master keys
16/05/2025 14:03:27	Gathering external data sources
16/05/2025 14:03:27	Gathering external file formats
16/05/2025 14:03:27	Gathering external tables
16/05/2025 14:03:27	Gathering XML index compression options
16/05/2025 14:03:27	Gathering extended properties
16/05/2025 14:03:27	Gathering assemblies
16/05/2025 14:03:27	Gathering credentials
16/05/2025 14:03:37	Gathering logins
16/05/2025 14:03:37	Gathering server audits
16/05/2025 14:03:38	Scanning project for duplicate elements
16/05/2025 14:03:38	Finished duplicate element processing
16/05/2025 14:03:43	Finished importing database.
16/05/2025 14:03:43	A summary of the import was saved to the following location: C:\Users\d.ferreira.conceicao\source\repos\AdventureWorksDataBase\Import Schema Logs\AdventureWorksDataBa_20250516010313.log
16/05/2025 14:03:43	Click Finish to continue...
